<?xml version="1.0" encoding="UTF-8"?>
<!-- Generated by org.testng.reporters.JUnitReportReporter -->
<testsuite hostname="INDIA-DANIEL" name="com.tests.LoginTests" tests="1" failures="0" timestamp="8 May 2017 08:06:15 GMT" time="12.395" errors="0">
  <testcase name="loginTests" time="12.395" classname="com.tests.LoginTests"/>
</testsuite> <!-- com.tests.LoginTests -->
